Arguments: 
  /snap/node/6800/bin/node /snap/node/6800/bin/yarn.js add ssh2

PATH: 
  /home/shiro/.local/bin:/snap/bin:/usr/sandbox/:/usr/local/bin:/usr/bin:/bin:/usr/local/games:/usr/games:/usr/share/games:/usr/local/sbin:/usr/sbin:/sbin:/usr/local/bin:/usr/bin:/bin:/usr/local/games:/usr/games:/home/shiro/snap/flutter/common/flutter

Yarn version: 
  1.22.19

Node version: 
  16.18.0

Platform: 
  linux x64

Trace: 
  Error: getaddrinfo EAI_AGAIN registry.yarnpkg.com
      at GetAddrInfoReqWrap.onlookup [as oncomplete] (node:dns:109:26)

npm manifest: 
  {
    "name": "cli-tools",
    "version": "1.0.0",
    "main": "index.js",
    "repository": "https://github.com/Shiro-cha/stp.git",
    "author": "Shiro-cha <noum.rzdr@gmail.com>",
    "license": "MIT"
  }

yarn manifest: 
  No manifest

Lockfile: 
  No lockfile
